<?xml version="1.0" encoding="UTF-8"?>
<!-- Generated by org.testng.reporters.JUnitReportReporter -->
<testsuite hostname="GGKU3SYS304" name="com.ggktech.tests.AnnotationTransformerExample" tests="6" failures="0" timestamp="18 Apr 2017 07:18:20 GMT" time="35.718" errors="0">
  <testcase name="testCasetwo" time="6.385" classname="com.ggktech.tests.AnnotationTransformerExample"/>
  <testcase name="checkAnnotationTransFormer" time="6.272" classname="com.ggktech.tests.AnnotationTransformerExample"/>
  <testcase name="checkAnnotationTransFormer" time="5.642" classname="com.ggktech.tests.AnnotationTransformerExample"/>
  <testcase name="checkAnnotationTransFormer" time="5.374" classname="com.ggktech.tests.AnnotationTransformerExample"/>
  <testcase name="checkAnnotationTransFormer" time="6.342" classname="com.ggktech.tests.AnnotationTransformerExample"/>
  <testcase name="checkAnnotationTransFormer" time="5.703" classname="com.ggktech.tests.AnnotationTransformerExample"/>
</testsuite> <!-- com.ggktech.tests.AnnotationTransformerExample -->
