<?xml version="1.0" encoding="UTF-8"?>
<!-- Generated by org.testng.reporters.JUnitReportReporter -->
<testsuite hostname="GGKU3SYS304" name="com.ggktech.tests.SampleForiAnnotationTransformer" tests="6" failures="0" timestamp="7 Apr 2017 12:36:02 GMT" time="36.283" errors="0">
  <testcase name="testCasetwo" time="6.545" classname="com.ggktech.tests.SampleForiAnnotationTransformer"/>
  <testcase name="checkAnnotationTransFormer" time="5.971" classname="com.ggktech.tests.SampleForiAnnotationTransformer"/>
  <testcase name="checkAnnotationTransFormer" time="5.790" classname="com.ggktech.tests.SampleForiAnnotationTransformer"/>
  <testcase name="checkAnnotationTransFormer" time="5.810" classname="com.ggktech.tests.SampleForiAnnotationTransformer"/>
  <testcase name="checkAnnotationTransFormer" time="6.325" classname="com.ggktech.tests.SampleForiAnnotationTransformer"/>
  <testcase name="checkAnnotationTransFormer" time="5.842" classname="com.ggktech.tests.SampleForiAnnotationTransformer"/>
</testsuite> <!-- com.ggktech.tests.SampleForiAnnotationTransformer -->
