<?xml version="1.0" encoding="UTF-8"?>
<!-- Generated by org.testng.reporters.JUnitReportReporter -->
<testsuite hostname="GGKU3SYS304" name="com.ggktech.tests.MethodInterceptorListenerExample" tests="1" failures="0" timestamp="18 Apr 2017 07:34:41 GMT" time="0.008" errors="0">
  <testcase name="t1" time="0.008" classname="com.ggktech.tests.MethodInterceptorListenerExample"/>
</testsuite> <!-- com.ggktech.tests.MethodInterceptorListenerExample -->
