<?xml version="1.0" encoding="UTF-8"?>
<!-- Generated by org.testng.reporters.JUnitReportReporter -->
<testsuite hostname="GGKU3SYS304" name="com.ggktech.tests.CheckHigiSite" tests="2" failures="0" timestamp="28 Mar 2017 10:22:38 GMT" time="14.234" errors="0">
  <testcase name="CheckHigi" time="7.753" classname="com.ggktech.tests.CheckHigiSite"/>
  <testcase name="testCasetwo" time="6.481" classname="com.ggktech.tests.CheckHigiSite"/>
</testsuite> <!-- com.ggktech.tests.CheckHigiSite -->
