<?xml version="1.0" encoding="UTF-8"?>
<!-- Generated by org.testng.reporters.JUnitReportReporter -->
<testsuite hostname="GGKU3SYS304" name="com.ggktech.tests.InvokedMethodListenerExample" tests="1" failures="0" timestamp="18 Apr 2017 07:13:18 GMT" time="0.004" errors="0">
  <testcase name="test1" time="0.004" classname="com.ggktech.tests.InvokedMethodListenerExample"/>
</testsuite> <!-- com.ggktech.tests.InvokedMethodListenerExample -->
