<?xml version="1.0" encoding="UTF-8"?>
<!-- Generated by org.testng.reporters.JUnitReportReporter -->
<testsuite hostname="GGKU3SYS304" name="com.ggktech.tests.SampleForiSuiteListener" tests="1" failures="0" timestamp="11 Apr 2017 10:17:04 GMT" time="0.003" errors="0">
  <testcase name="t" time="0.003" classname="com.ggktech.tests.SampleForiSuiteListener"/>
</testsuite> <!-- com.ggktech.tests.SampleForiSuiteListener -->
