<?xml version="1.0" encoding="UTF-8"?>
<!-- Generated by org.testng.reporters.JUnitReportReporter -->
<testsuite hostname="GGKU3SYS304" name="com.ggktech.tests.SuiteListenerExample" tests="1" failures="0" timestamp="18 Apr 2017 07:08:56 GMT" time="0.003" errors="0">
  <testcase name="t" time="0.003" classname="com.ggktech.tests.SuiteListenerExample"/>
</testsuite> <!-- com.ggktech.tests.SuiteListenerExample -->
