<?xml version="1.0" encoding="UTF-8"?>
<!-- Generated by org.testng.reporters.JUnitReportReporter -->
<testsuite hostname="GGKU3SYS304" name="com.ggktech.listeners.HookableExample" tests="3" failures="0" timestamp="18 Apr 2017 07:25:48 GMT" time="0.004" errors="0">
  <testcase name="t" time="0.003" classname="com.ggktech.listeners.HookableExample"/>
  <testcase name="t" time="0.001" classname="com.ggktech.listeners.HookableExample"/>
  <testcase name="t" time="0.000" classname="com.ggktech.listeners.HookableExample"/>
</testsuite> <!-- com.ggktech.listeners.HookableExample -->
