<?xml version="1.0" encoding="UTF-8"?>
<!-- Generated by org.testng.reporters.JUnitReportReporter -->
<testsuite hostname="GGKU3SYS304" name="com.ggktech.tests.DataProviderAnnotationTransformerExample" tests="3" failures="0" timestamp="18 Apr 2017 07:22:11 GMT" time="0.023" errors="0">
  <testcase name="largeDataTest" time="0.009" classname="com.ggktech.tests.DataProviderAnnotationTransformerExample"/>
  <testcase name="largeDataTest" time="0.007" classname="com.ggktech.tests.DataProviderAnnotationTransformerExample"/>
  <testcase name="largeDataTest" time="0.007" classname="com.ggktech.tests.DataProviderAnnotationTransformerExample"/>
</testsuite> <!-- com.ggktech.tests.DataProviderAnnotationTransformerExample -->
