<?xml version="1.0" encoding="UTF-8"?>
<!-- Generated by org.testng.reporters.JUnitReportReporter -->
<testsuite hostname="GGKU3SYS304" name="com.ggktech.tests.ConfigurationAnnotationTransformerExample" tests="1" failures="0" timestamp="11 Apr 2017 11:53:16 GMT" time="0.004" errors="0">
  <testcase name="t" time="0.004" classname="com.ggktech.tests.ConfigurationAnnotationTransformerExample"/>
</testsuite> <!-- com.ggktech.tests.ConfigurationAnnotationTransformerExample -->
