<?xml version="1.0" encoding="UTF-8"?>
<!-- Generated by org.testng.reporters.JUnitReportReporter -->
<testsuite hostname="GGKU3SYS304" name="com.ggktech.app.Sample" tests="1" failures="0" timestamp="7 Apr 2017 10:45:51 GMT" time="0.015" errors="0">
  <testcase name="f" time="0.015" classname="com.ggktech.app.Sample"/>
</testsuite> <!-- com.ggktech.app.Sample -->
