<?xml version="1.0" encoding="UTF-8"?>
<!-- Generated by org.testng.reporters.JUnitReportReporter -->
<testsuite hostname="GGKU3SYS304" name="com.ggktech.tests.SampleiAnnotationTransformer" tests="1" failures="0" timestamp="7 Apr 2017 11:58:10 GMT" time="6.652" errors="0">
  <testcase name="CheckHigi" time="6.652" classname="com.ggktech.tests.SampleiAnnotationTransformer"/>
</testsuite> <!-- com.ggktech.tests.SampleiAnnotationTransformer -->
