<?xml version="1.0" encoding="UTF-8"?>
<!-- Generated by org.testng.reporters.JUnitReportReporter -->
<testsuite hostname="GGKU3SYS304" name="com.ggktech.tests.SampleiTestListener" tests="1" failures="0" timestamp="7 Apr 2017 12:24:19 GMT" time="5.580" errors="0">
  <testcase name="launchGooglePage" time="5.580" classname="com.ggktech.tests.SampleiTestListener"/>
</testsuite> <!-- com.ggktech.tests.SampleiTestListener -->
